2019/03/11 18:10:43 YCFLOG [process] [info] [workers.log] [PID1974] 
 process start pid: 1974 
2019/03/11 18:10:43 YCFLOG [process] [info] [workers.log] [PID1974] 
 worker id: 0 pid: 1975 is start... 
2019/03/11 18:10:43 YCFLOG [process] [info] [workers.log] [PID1974] 
 worker id: 1 pid: 1976 is start... 
2019/03/11 18:10:48 YCFLOG [process] [info] [workers.log] [PID1974] 
 子进程正常：1975 name：member_1 
2019/03/11 18:10:48 YCFLOG [process] [info] [workers.log] [PID1974] 
 子进程正常：1976 name：member_1 
2019/03/11 18:10:48 YCFLOG [process] [info] [workers.log] [PID1974] 
 主进程状态：runnning 数量：2 
2019/03/11 18:10:48 YCFLOG [process] [info] [workers.log] [PID1974] 
 [member_1]子进程状态：runnning 数量：2 pids:a:2:{i:0;s:4:"1975";i:1;s:4:"1976";} 
2019/03/11 18:10:53 YCFLOG [process] [info] [workers.log] [PID1974] 
 子进程正常：1975 name：member_1 
2019/03/11 18:10:53 YCFLOG [process] [info] [workers.log] [PID1974] 
 子进程正常：1976 name：member_1 
2019/03/11 18:10:53 YCFLOG [process] [info] [workers.log] [PID1974] 
 主进程状态：runnning 数量：2 
2019/03/11 18:10:54 YCFLOG [process] [info] [workers.log] [PID1974] 
 [member_1]子进程状态：runnning 数量：2 pids:a:2:{i:0;s:4:"1975";i:1;s:4:"1976";} 
2019/03/11 18:10:58 YCFLOG [process] [info] [workers.log] [PID1974] 
 子进程正常：1975 name：member_1 
2019/03/11 18:10:59 YCFLOG [process] [info] [workers.log] [PID1974] 
 子进程正常：1976 name：member_1 
2019/03/11 18:10:59 YCFLOG [process] [info] [workers.log] [PID1974] 
 主进程状态：runnning 数量：2 
2019/03/11 18:10:59 YCFLOG [process] [info] [workers.log] [PID1974] 
 [member_1]子进程状态：runnning 数量：2 pids:a:2:{i:0;s:4:"1975";i:1;s:4:"1976";} 
2019/03/11 18:11:03 YCFLOG [process] [info] [workers.log] [PID1974] 
 子进程正常：1975 name：member_1 
2019/03/11 18:11:03 YCFLOG [process] [info] [workers.log] [PID1974] 
 子进程正常：1976 name：member_1 
2019/03/11 18:11:04 YCFLOG [process] [info] [workers.log] [PID1974] 
 主进程状态：runnning 数量：2 
2019/03/11 18:11:04 YCFLOG [process] [info] [workers.log] [PID1974] 
 [member_1]子进程状态：runnning 数量：2 pids:a:2:{i:0;s:4:"1975";i:1;s:4:"1976";} 
2019/03/11 18:11:09 YCFLOG [process] [info] [workers.log] [PID1974] 
 子进程正常：1975 name：member_1 
2019/03/11 18:11:09 YCFLOG [process] [info] [workers.log] [PID1974] 
 子进程正常：1976 name：member_1 
2019/03/11 18:11:09 YCFLOG [process] [info] [workers.log] [PID1974] 
 主进程状态：runnning 数量：2 
2019/03/11 18:11:09 YCFLOG [process] [info] [workers.log] [PID1974] 
 [member_1]子进程状态：runnning 数量：2 pids:a:2:{i:0;s:4:"1975";i:1;s:4:"1976";} 
2019/03/11 18:11:11 YCFLOG [process] [info] [workers.log] [PID1976] 
 worker id: 1 is done!!! 
2019/03/11 18:11:11 YCFLOG [process] [info] [workers.log] [PID1974] 
 Worker Exit, kill_signal=0 PID=1976 
2019/03/11 18:11:11 YCFLOG [process] [info] [workers.log] [PID1974] 
 Worker count: 1  [member_1]  2 
2019/03/11 18:11:11 YCFLOG [process] [info] [workers.log] [PID1975] 
 worker id: 0 is done!!! 
2019/03/11 18:11:11 YCFLOG [process] [info] [workers.log] [PID1974] 
 Worker Exit, kill_signal=0 PID=1975 
2019/03/11 18:11:11 YCFLOG [process] [info] [workers.log] [PID1974] 
 Worker count: 0  [member_1]  2 
2019/03/11 18:11:11 YCFLOG [process] [info] [workers.log] [PID1974] 
 主进程收到所有信号子进程的退出信号，子进程安全退出完成 
2019/03/11 18:11:11 YCFLOG [process] [info] [workers.log] [PID1974] 
 主进程退出前删除woker redis key： member_1 
2019/03/11 18:11:11 YCFLOG [process] [info] [workers.log] [PID1974] 
 主进程退出前删除master redis key： status 
2019/03/11 18:11:11 YCFLOG [process] [info] [workers.log] [PID1974] 
 Time: 1552299071.5245主进程1974退出 
2019/03/11 18:37:43 YCFLOG [process] [info] [workers.log] [PID2035] 
 process start pid: 2035 
2019/03/11 18:37:43 YCFLOG [process] [info] [workers.log] [PID2035] 
 worker id: 0 pid: 2036 is start... 
2019/03/11 18:37:43 YCFLOG [process] [info] [workers.log] [PID2035] 
 worker id: 1 pid: 2037 is start... 
2019/03/11 18:37:48 YCFLOG [process] [info] [workers.log] [PID2035] 
 子进程正常：2036 name：member_1 
2019/03/11 18:37:48 YCFLOG [process] [info] [workers.log] [PID2035] 
 子进程正常：2037 name：member_1 
2019/03/11 18:37:48 YCFLOG [process] [info] [workers.log] [PID2035] 
 主进程状态：runnning 数量：2 
2019/03/11 18:37:48 YCFLOG [process] [info] [workers.log] [PID2035] 
 [member_1]子进程状态：runnning 数量：2 pids:a:2:{i:0;s:4:"2036";i:1;s:4:"2037";} 
2019/03/11 18:37:53 YCFLOG [process] [info] [workers.log] [PID2035] 
 子进程正常：2036 name：member_1 
2019/03/11 18:37:53 YCFLOG [process] [info] [workers.log] [PID2035] 
 子进程正常：2037 name：member_1 
2019/03/11 18:37:54 YCFLOG [process] [info] [workers.log] [PID2035] 
 主进程状态：runnning 数量：2 
2019/03/11 18:37:54 YCFLOG [process] [info] [workers.log] [PID2035] 
 [member_1]子进程状态：runnning 数量：2 pids:a:2:{i:0;s:4:"2036";i:1;s:4:"2037";} 
2019/03/11 18:37:59 YCFLOG [process] [info] [workers.log] [PID2035] 
 子进程正常：2036 name：member_1 
2019/03/11 18:37:59 YCFLOG [process] [info] [workers.log] [PID2035] 
 子进程正常：2037 name：member_1 
2019/03/11 18:37:59 YCFLOG [process] [info] [workers.log] [PID2035] 
 主进程状态：runnning 数量：2 
2019/03/11 18:37:59 YCFLOG [process] [info] [workers.log] [PID2035] 
 [member_1]子进程状态：runnning 数量：2 pids:a:2:{i:0;s:4:"2036";i:1;s:4:"2037";} 
2019/03/11 18:38:03 YCFLOG [process] [info] [workers.log] [PID2035] 
 子进程正常：2036 name：member_1 
2019/03/11 18:38:03 YCFLOG [process] [info] [workers.log] [PID2035] 
 子进程正常：2037 name：member_1 
2019/03/11 18:38:03 YCFLOG [process] [info] [workers.log] [PID2035] 
 主进程状态：runnning 数量：2 
2019/03/11 18:38:04 YCFLOG [process] [info] [workers.log] [PID2035] 
 [member_1]子进程状态：runnning 数量：2 pids:a:2:{i:0;s:4:"2036";i:1;s:4:"2037";} 
2019/03/11 18:38:09 YCFLOG [process] [info] [workers.log] [PID2035] 
 子进程正常：2036 name：member_1 
2019/03/11 18:38:09 YCFLOG [process] [info] [workers.log] [PID2035] 
 子进程正常：2037 name：member_1 
2019/03/11 18:38:09 YCFLOG [process] [info] [workers.log] [PID2035] 
 主进程状态：runnning 数量：2 
2019/03/11 18:38:09 YCFLOG [process] [info] [workers.log] [PID2035] 
 [member_1]子进程状态：runnning 数量：2 pids:a:2:{i:0;s:4:"2036";i:1;s:4:"2037";} 
2019/03/11 18:38:14 YCFLOG [process] [info] [workers.log] [PID2035] 
 子进程正常：2036 name：member_1 
2019/03/11 18:38:14 YCFLOG [process] [info] [workers.log] [PID2035] 
 子进程正常：2037 name：member_1 
2019/03/11 18:38:14 YCFLOG [process] [info] [workers.log] [PID2035] 
 主进程状态：runnning 数量：2 
2019/03/11 18:38:14 YCFLOG [process] [info] [workers.log] [PID2035] 
 [member_1]子进程状态：runnning 数量：2 pids:a:2:{i:0;s:4:"2036";i:1;s:4:"2037";} 
2019/03/11 18:38:19 YCFLOG [process] [info] [workers.log] [PID2035] 
 子进程正常：2036 name：member_1 
2019/03/11 18:38:19 YCFLOG [process] [info] [workers.log] [PID2035] 
 子进程正常：2037 name：member_1 
2019/03/11 18:38:19 YCFLOG [process] [info] [workers.log] [PID2035] 
 主进程状态：runnning 数量：2 
2019/03/11 18:38:19 YCFLOG [process] [info] [workers.log] [PID2035] 
 [member_1]子进程状态：runnning 数量：2 pids:a:2:{i:0;s:4:"2036";i:1;s:4:"2037";} 
2019/03/11 18:38:23 YCFLOG [process] [info] [workers.log] [PID2035] 
 子进程正常：2036 name：member_1 
2019/03/11 18:38:24 YCFLOG [process] [info] [workers.log] [PID2035] 
 子进程正常：2037 name：member_1 
2019/03/11 18:38:24 YCFLOG [process] [info] [workers.log] [PID2035] 
 主进程状态：runnning 数量：2 
2019/03/11 18:38:24 YCFLOG [process] [info] [workers.log] [PID2035] 
 [member_1]子进程状态：runnning 数量：2 pids:a:2:{i:0;s:4:"2036";i:1;s:4:"2037";} 
2019/03/11 18:38:29 YCFLOG [process] [info] [workers.log] [PID2035] 
 子进程正常：2036 name：member_1 
2019/03/11 18:38:29 YCFLOG [process] [info] [workers.log] [PID2035] 
 子进程正常：2037 name：member_1 
2019/03/11 18:38:29 YCFLOG [process] [info] [workers.log] [PID2035] 
 主进程状态：runnning 数量：2 
2019/03/11 18:38:29 YCFLOG [process] [info] [workers.log] [PID2035] 
 [member_1]子进程状态：runnning 数量：2 pids:a:2:{i:0;s:4:"2036";i:1;s:4:"2037";} 
2019/03/11 18:38:29 YCFLOG [process] [info] [workers.log] [PID2037] 
 worker id: 1 is done!!! 
2019/03/11 18:38:29 YCFLOG [process] [info] [workers.log] [PID2035] 
 Worker Restart, kill_signal=0 PID=2040 
2019/03/11 18:38:29 YCFLOG [process] [info] [workers.log] [PID2035] 
 Worker Exit, kill_signal=0 PID=2037 
2019/03/11 18:38:29 YCFLOG [process] [info] [workers.log] [PID2036] 
 worker id: 0 is done!!! 
2019/03/11 18:38:29 YCFLOG [process] [info] [workers.log] [PID2035] 
 Worker count: 2  [member_1]  2 
2019/03/11 18:38:29 YCFLOG [process] [info] [workers.log] [PID2035] 
 Worker Restart, kill_signal=0 PID=2041 
2019/03/11 18:38:29 YCFLOG [process] [info] [workers.log] [PID2035] 
 Worker Exit, kill_signal=0 PID=2036 
2019/03/11 18:38:29 YCFLOG [process] [info] [workers.log] [PID2035] 
 Worker count: 2  [member_1]  2 
2019/03/11 18:38:33 YCFLOG [process] [info] [workers.log] [PID2035] 
 子进程正常：2040 name：member_1 
2019/03/11 18:38:33 YCFLOG [process] [info] [workers.log] [PID2035] 
 子进程正常：2041 name：member_1 
2019/03/11 18:38:33 YCFLOG [process] [info] [workers.log] [PID2035] 
 主进程状态：runnning 数量：2 
2019/03/11 18:38:33 YCFLOG [process] [info] [workers.log] [PID2035] 
 [member_1]子进程状态：runnning 数量：2 pids:a:2:{i:0;s:4:"2040";i:1;s:4:"2041";} 
2019/03/11 18:38:35 YCFLOG [process] [info] [workers.log] [PID2040] 
 worker id: 1 is done!!! 
2019/03/11 18:38:35 YCFLOG [process] [info] [workers.log] [PID2041] 
 worker id: 0 is done!!! 
2019/03/11 18:38:35 YCFLOG [process] [info] [workers.log] [PID2035] 
 Worker Exit, kill_signal=0 PID=2040 
2019/03/11 18:38:35 YCFLOG [process] [info] [workers.log] [PID2035] 
 Worker count: 1  [member_1]  2 
2019/03/11 18:38:35 YCFLOG [process] [info] [workers.log] [PID2035] 
 Worker Exit, kill_signal=0 PID=2041 
2019/03/11 18:38:35 YCFLOG [process] [info] [workers.log] [PID2035] 
 Worker count: 0  [member_1]  2 
2019/03/11 18:38:35 YCFLOG [process] [info] [workers.log] [PID2035] 
 主进程收到所有信号子进程的退出信号，子进程安全退出完成 
2019/03/11 18:38:35 YCFLOG [process] [info] [workers.log] [PID2035] 
 主进程退出前删除woker redis key： member_1 
2019/03/11 18:38:35 YCFLOG [process] [info] [workers.log] [PID2035] 
 主进程退出前删除master redis key： status 
2019/03/11 18:38:35 YCFLOG [process] [info] [workers.log] [PID2035] 
 Time: 1552300715.0972主进程2035退出 
