2019/03/15 22:52:22 YCFLOG [process] [info] [workers.log] [PID57595] 
 process start pid: 57595 
2019/03/15 22:52:22 YCFLOG [process] [info] [workers.log] [PID57595] 
 worker id: 0 pid: 57596 is start... 
2019/03/15 22:52:22 YCFLOG [process] [info] [workers.log] [PID57595] 
 worker id: 1 pid: 57597 is start... 
2019/03/15 22:52:22 YCFLOG [process] [info] [workers.log] [PID57596] 
 worker id: 0 is done!!! 
2019/03/15 22:52:23 YCFLOG [process] [info] [workers.log] [PID57595] 
 Worker Restart, kill_signal=0 PID=57599 
2019/03/15 22:52:23 YCFLOG [process] [info] [workers.log] [PID57595] 
 Worker Exit, kill_signal=0 PID=57596 
2019/03/15 22:52:23 YCFLOG [process] [info] [workers.log] [PID57595] 
 Worker count: 2  [member_1]  2 
2019/03/15 22:52:27 YCFLOG [process] [info] [workers.log] [PID57595] 
 子进程正常：57597 name：member_1 
2019/03/15 22:52:27 YCFLOG [process] [info] [workers.log] [PID57595] 
 子进程正常：57599 name：member_1 
2019/03/15 22:52:27 YCFLOG [process] [error] [workers.log] [PID57595] 
 子进程异常退出：81049 name：member_1 
2019/03/15 22:52:27 YCFLOG [process] [error] [workers.log] [PID57595] 
 子进程异常退出：81050 name：member_1 
2019/03/15 22:52:27 YCFLOG [process] [info] [workers.log] [PID57595] 
 主进程状态：runnning 数量：2 
2019/03/15 22:52:27 YCFLOG [process] [info] [workers.log] [PID57595] 
 [member_1]子进程状态：runnning 数量：4 pids:a:4:{i:0;s:5:"57597";i:1;s:5:"57599";i:2;s:5:"81049";i:3;s:5:"81050";} 
2019/03/15 22:52:32 YCFLOG [process] [info] [workers.log] [PID57595] 
 子进程正常：57597 name：member_1 
2019/03/15 22:52:32 YCFLOG [process] [info] [workers.log] [PID57595] 
 子进程正常：57599 name：member_1 
2019/03/15 22:52:32 YCFLOG [process] [info] [workers.log] [PID57595] 
 主进程状态：runnning 数量：2 
2019/03/15 22:52:32 YCFLOG [process] [info] [workers.log] [PID57595] 
 [member_1]子进程状态：runnning 数量：2 pids:a:2:{i:0;s:5:"57597";i:1;s:5:"57599";} 
2019/03/15 22:52:37 YCFLOG [process] [info] [workers.log] [PID57595] 
 子进程正常：57597 name：member_1 
2019/03/15 22:52:37 YCFLOG [process] [info] [workers.log] [PID57595] 
 子进程正常：57599 name：member_1 
2019/03/15 22:52:37 YCFLOG [process] [info] [workers.log] [PID57595] 
 主进程状态：runnning 数量：2 
2019/03/15 22:52:37 YCFLOG [process] [info] [workers.log] [PID57595] 
 [member_1]子进程状态：runnning 数量：2 pids:a:2:{i:0;s:5:"57597";i:1;s:5:"57599";} 
2019/03/15 22:52:42 YCFLOG [process] [info] [workers.log] [PID57595] 
 子进程正常：57597 name：member_1 
2019/03/15 22:52:42 YCFLOG [process] [info] [workers.log] [PID57595] 
 子进程正常：57599 name：member_1 
2019/03/15 22:52:42 YCFLOG [process] [info] [workers.log] [PID57595] 
 主进程状态：runnning 数量：2 
2019/03/15 22:52:42 YCFLOG [process] [info] [workers.log] [PID57595] 
 [member_1]子进程状态：runnning 数量：2 pids:a:2:{i:0;s:5:"57597";i:1;s:5:"57599";} 
2019/03/15 22:52:47 YCFLOG [process] [info] [workers.log] [PID57595] 
 子进程正常：57597 name：member_1 
2019/03/15 22:52:47 YCFLOG [process] [info] [workers.log] [PID57595] 
 子进程正常：57599 name：member_1 
2019/03/15 22:52:47 YCFLOG [process] [info] [workers.log] [PID57595] 
 主进程状态：runnning 数量：2 
2019/03/15 22:52:47 YCFLOG [process] [info] [workers.log] [PID57595] 
 [member_1]子进程状态：runnning 数量：2 pids:a:2:{i:0;s:5:"57597";i:1;s:5:"57599";} 
2019/03/15 22:52:50 YCFLOG [process] [info] [workers.log] [PID57597] 
 worker id: 1 is done!!! 
2019/03/15 22:52:50 YCFLOG [process] [info] [workers.log] [PID57599] 
 worker id: 0 is done!!! 
2019/03/15 22:52:50 YCFLOG [process] [info] [workers.log] [PID57595] 
 Worker Exit, kill_signal=0 PID=57597 
2019/03/15 22:52:50 YCFLOG [process] [info] [workers.log] [PID57595] 
 Worker count: 1  [member_1]  2 
2019/03/15 22:52:50 YCFLOG [process] [info] [workers.log] [PID57595] 
 Worker Exit, kill_signal=0 PID=57599 
2019/03/15 22:52:50 YCFLOG [process] [info] [workers.log] [PID57595] 
 Worker count: 0  [member_1]  2 
2019/03/15 22:52:50 YCFLOG [process] [info] [workers.log] [PID57595] 
 主进程收到所有信号子进程的退出信号，子进程安全退出完成 
2019/03/15 22:52:50 YCFLOG [process] [info] [workers.log] [PID57595] 
 主进程退出前删除woker redis key： member_1 
2019/03/15 22:52:50 YCFLOG [process] [info] [workers.log] [PID57595] 
 主进程退出前删除master redis key： status 
2019/03/15 22:52:50 YCFLOG [process] [info] [workers.log] [PID57595] 
 Time: 1552661570.3858主进程57595退出 
2019/03/15 23:38:45 YCFLOG [process] [info] [workers.log] [PID60415] 
 process start pid: 60415 
2019/03/15 23:38:45 YCFLOG [process] [info] [workers.log] [PID60415] 
 worker id: 0 pid: 60416 is start... 
2019/03/15 23:38:45 YCFLOG [process] [info] [workers.log] [PID60415] 
 worker id: 1 pid: 60417 is start... 
2019/03/15 23:38:50 YCFLOG [process] [info] [workers.log] [PID60415] 
 子进程正常：60416 name：member_1 
2019/03/15 23:38:50 YCFLOG [process] [info] [workers.log] [PID60415] 
 子进程正常：60417 name：member_1 
2019/03/15 23:38:50 YCFLOG [process] [info] [workers.log] [PID60415] 
 主进程状态：runnning 数量：2 
2019/03/15 23:38:50 YCFLOG [process] [info] [workers.log] [PID60415] 
 [member_1]子进程状态：runnning 数量：2 pids:a:2:{i:0;s:5:"60416";i:1;s:5:"60417";} 
2019/03/15 23:38:55 YCFLOG [process] [info] [workers.log] [PID60415] 
 子进程正常：60416 name：member_1 
2019/03/15 23:38:55 YCFLOG [process] [info] [workers.log] [PID60415] 
 子进程正常：60417 name：member_1 
2019/03/15 23:38:55 YCFLOG [process] [info] [workers.log] [PID60415] 
 主进程状态：runnning 数量：2 
2019/03/15 23:38:55 YCFLOG [process] [info] [workers.log] [PID60415] 
 [member_1]子进程状态：runnning 数量：2 pids:a:2:{i:0;s:5:"60416";i:1;s:5:"60417";} 
2019/03/15 23:39:00 YCFLOG [process] [info] [workers.log] [PID60415] 
 子进程正常：60416 name：member_1 
2019/03/15 23:39:00 YCFLOG [process] [info] [workers.log] [PID60415] 
 子进程正常：60417 name：member_1 
2019/03/15 23:39:00 YCFLOG [process] [info] [workers.log] [PID60415] 
 主进程状态：runnning 数量：2 
2019/03/15 23:39:00 YCFLOG [process] [info] [workers.log] [PID60415] 
 [member_1]子进程状态：runnning 数量：2 pids:a:2:{i:0;s:5:"60416";i:1;s:5:"60417";} 
2019/03/15 23:39:04 YCFLOG [process] [info] [workers.log] [PID60417] 
 worker id: 1 is done!!! 
2019/03/15 23:39:04 YCFLOG [process] [info] [workers.log] [PID60416] 
 worker id: 0 is done!!! 
2019/03/15 23:39:04 YCFLOG [process] [info] [workers.log] [PID60415] 
 Worker Exit, kill_signal=0 PID=60417 
2019/03/15 23:39:04 YCFLOG [process] [info] [workers.log] [PID60415] 
 Worker count: 1  [member_1]  2 
2019/03/15 23:39:04 YCFLOG [process] [info] [workers.log] [PID60415] 
 Worker Exit, kill_signal=0 PID=60416 
2019/03/15 23:39:04 YCFLOG [process] [info] [workers.log] [PID60415] 
 Worker count: 0  [member_1]  2 
2019/03/15 23:39:04 YCFLOG [process] [info] [workers.log] [PID60415] 
 主进程收到所有信号子进程的退出信号，子进程安全退出完成 
2019/03/15 23:39:04 YCFLOG [process] [info] [workers.log] [PID60415] 
 主进程退出前删除woker redis key： member_1 
2019/03/15 23:39:04 YCFLOG [process] [info] [workers.log] [PID60415] 
 主进程退出前删除master redis key： status 
2019/03/15 23:39:04 YCFLOG [process] [info] [workers.log] [PID60415] 
 Time: 1552664344.7467主进程60415退出 
2019/03/15 23:39:07 YCFLOG [process] [info] [workers.log] [PID60443] 
 process start pid: 60443 
2019/03/15 23:39:07 YCFLOG [process] [info] [workers.log] [PID60443] 
 worker id: 0 pid: 60444 is start... 
2019/03/15 23:39:07 YCFLOG [process] [info] [workers.log] [PID60443] 
 worker id: 1 pid: 60445 is start... 
2019/03/15 23:39:10 YCFLOG [process] [info] [workers.log] [PID60444] 
 worker id: 0 is done!!! 
2019/03/15 23:39:10 YCFLOG [process] [info] [workers.log] [PID60445] 
 worker id: 1 is done!!! 
2019/03/15 23:39:10 YCFLOG [process] [info] [workers.log] [PID60443] 
 Worker Exit, kill_signal=0 PID=60444 
2019/03/15 23:39:10 YCFLOG [process] [info] [workers.log] [PID60443] 
 Worker count: 1  [member_1]  2 
2019/03/15 23:39:10 YCFLOG [process] [info] [workers.log] [PID60443] 
 Worker Exit, kill_signal=0 PID=60445 
2019/03/15 23:39:10 YCFLOG [process] [info] [workers.log] [PID60443] 
 Worker count: 0  [member_1]  2 
2019/03/15 23:39:10 YCFLOG [process] [info] [workers.log] [PID60443] 
 主进程收到所有信号子进程的退出信号，子进程安全退出完成 
2019/03/15 23:39:10 YCFLOG [process] [info] [workers.log] [PID60443] 
 主进程退出前删除woker redis key： member_1 
2019/03/15 23:39:10 YCFLOG [process] [info] [workers.log] [PID60443] 
 主进程退出前删除master redis key： status 
2019/03/15 23:39:10 YCFLOG [process] [info] [workers.log] [PID60443] 
 Time: 1552664350.2596主进程60443退出 
2019/03/15 23:39:28 YCFLOG [process] [info] [workers.log] [PID60468] 
 process start pid: 60468 
2019/03/15 23:39:28 YCFLOG [process] [info] [workers.log] [PID60468] 
 worker id: 0 pid: 60469 is start... 
2019/03/15 23:39:28 YCFLOG [process] [info] [workers.log] [PID60468] 
 worker id: 1 pid: 60470 is start... 
2019/03/15 23:39:28 YCFLOG [process] [info] [workers.log] [PID60469] 
 worker id: 0 is done!!! 
2019/03/15 23:39:28 YCFLOG [process] [info] [workers.log] [PID60468] 
 Worker Restart, kill_signal=0 PID=60471 
2019/03/15 23:39:28 YCFLOG [process] [info] [workers.log] [PID60468] 
 Worker Exit, kill_signal=0 PID=60469 
2019/03/15 23:39:28 YCFLOG [process] [info] [workers.log] [PID60468] 
 Worker count: 2  [member_1]  2 
2019/03/15 23:39:29 YCFLOG [process] [info] [workers.log] [PID60471] 
 worker id: 0 is done!!! 
2019/03/15 23:39:29 YCFLOG [process] [info] [workers.log] [PID60470] 
 worker id: 1 is done!!! 
2019/03/15 23:39:29 YCFLOG [process] [info] [workers.log] [PID60468] 
 Worker Exit, kill_signal=0 PID=60470 
2019/03/15 23:39:29 YCFLOG [process] [info] [workers.log] [PID60468] 
 Worker count: 1  [member_1]  2 
2019/03/15 23:39:29 YCFLOG [process] [info] [workers.log] [PID60468] 
 Worker Exit, kill_signal=0 PID=60471 
2019/03/15 23:39:29 YCFLOG [process] [info] [workers.log] [PID60468] 
 Worker count: 0  [member_1]  2 
2019/03/15 23:39:29 YCFLOG [process] [info] [workers.log] [PID60468] 
 主进程收到所有信号子进程的退出信号，子进程安全退出完成 
2019/03/15 23:39:29 YCFLOG [process] [info] [workers.log] [PID60468] 
 主进程退出前删除woker redis key： member_1 
2019/03/15 23:39:29 YCFLOG [process] [info] [workers.log] [PID60468] 
 主进程退出前删除master redis key： status 
2019/03/15 23:39:29 YCFLOG [process] [info] [workers.log] [PID60468] 
 Time: 1552664369.9326主进程60468退出 
